#
# There is insufficient memory for the Java Runtime Environment to continue.
# Native memory allocation (mmap) failed to map 130023424 bytes for committing reserved memory.
# Possible reasons:
#   The system is out of physical RAM or swap space
#   The process is running with CompressedOops enabled, and the Java Heap may be blocking the growth of the native heap
# Possible solutions:
#   Reduce memory load on the system
#   Increase physical memory or swap space
#   Check if swap backing store is full
#   Decrease Java heap size (-Xmx/-Xms)
#   Decrease number of Java threads
#   Decrease Java thread stack sizes (-Xss)
#   Set larger code cache with -XX:ReservedCodeCacheSize=
# This output file may be truncated or incomplete.
#
#  Out of Memory Error (os_linux.cpp:2857), pid=5020, tid=5021
#
# JRE version:  (11.0.7+10) (build )
# Java VM: OpenJDK 64-Bit Server VM (11.0.7+10-b765.53, mixed mode, sharing, tiered, compressed oops, g1 gc, linux-amd64)
# Core dump will be written. Default location: Core dumps may be processed with "/usr/share/apport/apport %p %s %c %d %P %E" (or dumping to /home/alex/Desktop/projects/plab/core.5020)
#

---------------  S U M M A R Y ------------

Command Line: org.jetbrains.git4idea.http.GitAskPassApp Username for 'https://github.com': 

Host: Intel(R) Core(TM) i5-5200U CPU @ 2.20GHz, 4 cores, 7G, Ubuntu 18.04.4 LTS
Time: Fri Jul 31 07:48:44 2020 +04 elapsed time: 0 seconds (0d 0h 0m 0s)

---------------  T H R E A D  ---------------

Current thread (0x00007f6710016000):  JavaThread "Unknown thread" [_thread_in_vm, id=5021, stack(0x00007f6716539000,0x00007f671663a000)]

Stack: [0x00007f6716539000,0x00007f671663a000],  sp=0x00007f6716638200,  free space=1020k
Native frames: (J=compiled Java code, A=aot compiled Java code, j=interpreted, Vv=VM code, C=native code)
V  [libjvm.so+0xd6663f]  VMError::report_and_die(int, char const*, char const*, __va_list_tag*, Thread*, unsigned char*, void*, void*, char const*, int, unsigned long)+0x37f
V  [libjvm.so+0xd6731b]  VMError::report_and_die(Thread*, char const*, int, unsigned long, VMErrorType, char const*, __va_list_tag*)+0x2b
V  [libjvm.so+0x653295]  report_vm_out_of_memory(char const*, int, unsigned long, VMErrorType, char const*, ...)+0xc5
V  [libjvm.so+0xb6f5c8]  os::pd_commit_memory_or_exit(char*, unsigned long, unsigned long, bool, char const*)+0xd8
V  [libjvm.so+0xb66b3d]  os::commit_memory_or_exit(char*, unsigned long, unsigned long, bool, char const*)+0x1d
V  [libjvm.so+0x76b6ac]  G1PageBasedVirtualSpace::commit_preferred_pages(unsigned long, unsigned long)+0x6c
V  [libjvm.so+0x76ba8e]  G1PageBasedVirtualSpace::commit(unsigned long, unsigned long)+0x19e
V  [libjvm.so+0x774d86]  G1RegionsLargerThanCommitSizeMapper::commit_regions(unsigned int, unsigned long, WorkGang*)+0x46
V  [libjvm.so+0x7ec7e4]  HeapRegionManager::commit_regions(unsigned int, unsigned long, WorkGang*)+0x54
V  [libjvm.so+0x7ed3f0]  HeapRegionManager::make_regions_available(unsigned int, unsigned int, WorkGang*)+0x30
V  [libjvm.so+0x7ed817]  HeapRegionManager::expand_at(unsigned int, unsigned int, WorkGang*) [clone .part.24]+0xf7
V  [libjvm.so+0x7298c0]  G1CollectedHeap::expand(unsigned long, WorkGang*, double*)+0xe0
V  [libjvm.so+0x729fc1]  G1CollectedHeap::initialize()+0x681
V  [libjvm.so+0xd29481]  Universe::initialize_heap()+0x41
V  [libjvm.so+0xd29756]  universe_init()+0x46
V  [libjvm.so+0x80c6a7]  init_globals()+0x57
V  [libjvm.so+0xd035ca]  Threads::create_vm(JavaVMInitArgs*, bool*)+0x30a
V  [libjvm.so+0x8b0aa1]  JNI_CreateJavaVM+0x51
C  [libjli.so+0x3b9f]  JavaMain+0x7f


---------------  P R O C E S S  ---------------

Threads class SMR info:
_java_thread_list=0x000055831da5d010, length=0, elements={
}

Java Threads: ( => current thread )

Other Threads:
  0x00007f6710040800 GCTaskThread "GC Thread#0" [stack: 0x00007f66fb9a6000,0x00007f66fbaa6000] [id=5022]
  0x00007f6710071800 ConcurrentGCThread "G1 Main Marker" [stack: 0x00007f66f8a37000,0x00007f66f8b37000] [id=5023]
  0x00007f6710073800 ConcurrentGCThread "G1 Conc#0" [stack: 0x00007f66f8935000,0x00007f66f8a35000] [id=5024]

[error occurred during error reporting (printing all threads), id 0xb, SIGSEGV (0xb) at pc=0x00007f6714bc7040]

VM state:not at safepoint (not fully initialized)

VM Mutex/Monitor currently owned by a thread:  ([mutex/lock_event])
[0x00007f6710012bd0] Heap_lock - owner thread: 0x00007f6710016000

Heap address: 0x0000000084a00000, size: 1974 MB, Compressed Oops mode: Non-zero based: 0x0000000084a00000
Narrow klass base: 0x0000000000000000, Narrow klass shift: 0

GC Heap History (0 events):
No events

Deoptimization events (0 events):
No events

Classes redefined (0 events):
No events

Internal exceptions (0 events):
No events

Events (3 events):
Event: 0.115 Protecting memory [0x00007f6716539000,0x00007f671653d000] with protection modes 0
Event: 0.131 Loaded shared library /home/alex/Desktop/projects/idea/ideaIU-2020.1.2/idea-IU-201.7846.76/jbr/lib/libzip.so
Event: 0.138 Loaded shared library /home/alex/Desktop/projects/idea/ideaIU-2020.1.2/idea-IU-201.7846.76/jbr/lib/libjimage.so


Dynamic libraries:
8c600000-100000000 ---p 00000000 00:00 0 
55831ce02000-55831ce03000 r-xp 00000000 08:02 2521109                    /home/alex/Desktop/projects/idea/ideaIU-2020.1.2/idea-IU-201.7846.76/jbr/bin/java
55831d003000-55831d004000 r--p 00001000 08:02 2521109                    /home/alex/Desktop/projects/idea/ideaIU-2020.1.2/idea-IU-201.7846.76/jbr/bin/java
55831d004000-55831d005000 rw-p 00002000 08:02 2521109                    /home/alex/Desktop/projects/idea/ideaIU-2020.1.2/idea-IU-201.7846.76/jbr/bin/java
55831da59000-55831da7a000 rw-p 00000000 00:00 0                          [heap]
7f66e4000000-7f66e4021000 rw-p 00000000 00:00 0 
7f66e4021000-7f66e8000000 ---p 00000000 00:00 0 
7f66ec000000-7f66ec021000 rw-p 00000000 00:00 0 
7f66ec021000-7f66f0000000 ---p 00000000 00:00 0 
7f66f0128000-7f66f2128000 rw-p 00000000 00:00 0 
7f66f2128000-7f66f4000000 ---p 00000000 00:00 0 
7f66f4000000-7f66f4021000 rw-p 00000000 00:00 0 
7f66f4021000-7f66f8000000 ---p 00000000 00:00 0 
7f66f81a2000-7f66f8933000 rw-p 00000000 00:00 0 
7f66f8933000-7f66f8934000 ---p 00000000 00:00 0 
7f66f8934000-7f66f8a35000 rw-p 00000000 00:00 0 
7f66f8a35000-7f66f8a36000 ---p 00000000 00:00 0 
7f66f8a36000-7f66f8b37000 rw-p 00000000 00:00 0 
7f66f8b37000-7f66fb5a0000 ---p 00000000 00:00 0 
7f66fb5a0000-7f66fb9a4000 rw-p 00000000 00:00 0 
7f66fb9a4000-7f66fb9a5000 ---p 00000000 00:00 0 
7f66fb9a5000-7f66fbaab000 rw-p 00000000 00:00 0 
7f66fbaab000-7f66fbb91000 ---p 00000000 00:00 0 
7f66fbb91000-7f66fbb96000 rw-p 00000000 00:00 0 
7f66fbb96000-7f66fbc7c000 ---p 00000000 00:00 0 
7f66fbc7c000-7f66fbeec000 rwxp 00000000 00:00 0 
7f66fbeec000-7f66fc20c000 ---p 00000000 00:00 0 
7f66fc20c000-7f66fc47c000 rwxp 00000000 00:00 0 
7f66fc47c000-7f6703744000 ---p 00000000 00:00 0 
7f6703744000-7f67039b4000 rwxp 00000000 00:00 0 
7f67039b4000-7f670ac7c000 ---p 00000000 00:00 0 
7f670ac7c000-7f670ed56000 r--s 00000000 08:02 2521065                    /home/alex/Desktop/projects/idea/ideaIU-2020.1.2/idea-IU-201.7846.76/jbr/lib/modules
7f670ed56000-7f670ed71000 r-xp 00000000 08:02 2521039                    /home/alex/Desktop/projects/idea/ideaIU-2020.1.2/idea-IU-201.7846.76/jbr/lib/libjimage.so
7f670ed71000-7f670ef71000 ---p 0001b000 08:02 2521039                    /home/alex/Desktop/projects/idea/ideaIU-2020.1.2/idea-IU-201.7846.76/jbr/lib/libjimage.so
7f670ef71000-7f670ef73000 r--p 0001b000 08:02 2521039                    /home/alex/Desktop/projects/idea/ideaIU-2020.1.2/idea-IU-201.7846.76/jbr/lib/libjimage.so
7f670ef73000-7f670ef74000 rw-p 0001d000 08:02 2521039                    /home/alex/Desktop/projects/idea/ideaIU-2020.1.2/idea-IU-201.7846.76/jbr/lib/libjimage.so
7f670ef74000-7f670ef7b000 r-xp 00000000 08:02 2521064                    /home/alex/Desktop/projects/idea/ideaIU-2020.1.2/idea-IU-201.7846.76/jbr/lib/libzip.so
7f670ef7b000-7f670f17a000 ---p 00007000 08:02 2521064                    /home/alex/Desktop/projects/idea/ideaIU-2020.1.2/idea-IU-201.7846.76/jbr/lib/libzip.so
7f670f17a000-7f670f17b000 r--p 00006000 08:02 2521064                    /home/alex/Desktop/projects/idea/ideaIU-2020.1.2/idea-IU-201.7846.76/jbr/lib/libzip.so
7f670f17b000-7f670f17c000 rw-p 00007000 08:02 2521064                    /home/alex/Desktop/projects/idea/ideaIU-2020.1.2/idea-IU-201.7846.76/jbr/lib/libzip.so
7f670f17c000-7f670f187000 r-xp 00000000 08:02 2110789                    /lib/x86_64-linux-gnu/libnss_files-2.27.so
7f670f187000-7f670f386000 ---p 0000b000 08:02 2110789                    /lib/x86_64-linux-gnu/libnss_files-2.27.so
7f670f386000-7f670f387000 r--p 0000a000 08:02 2110789                    /lib/x86_64-linux-gnu/libnss_files-2.27.so
7f670f387000-7f670f388000 rw-p 0000b000 08:02 2110789                    /lib/x86_64-linux-gnu/libnss_files-2.27.so
7f670f388000-7f670f38e000 rw-p 00000000 00:00 0 
7f670f38e000-7f670f3a5000 r-xp 00000000 08:02 2110786                    /lib/x86_64-linux-gnu/libnsl-2.27.so
7f670f3a5000-7f670f5a4000 ---p 00017000 08:02 2110786                    /lib/x86_64-linux-gnu/libnsl-2.27.so
7f670f5a4000-7f670f5a5000 r--p 00016000 08:02 2110786                    /lib/x86_64-linux-gnu/libnsl-2.27.so
7f670f5a5000-7f670f5a6000 rw-p 00017000 08:02 2110786                    /lib/x86_64-linux-gnu/libnsl-2.27.so
7f670f5a6000-7f670f5a8000 rw-p 00000000 00:00 0 
7f670f5a8000-7f670f5b3000 r-xp 00000000 08:02 2110791                    /lib/x86_64-linux-gnu/libnss_nis-2.27.so
7f670f5b3000-7f670f7b2000 ---p 0000b000 08:02 2110791                    /lib/x86_64-linux-gnu/libnss_nis-2.27.so
7f670f7b2000-7f670f7b3000 r--p 0000a000 08:02 2110791                    /lib/x86_64-linux-gnu/libnss_nis-2.27.so
7f670f7b3000-7f670f7b4000 rw-p 0000b000 08:02 2110791                    /lib/x86_64-linux-gnu/libnss_nis-2.27.so
7f670f7b4000-7f670f7bc000 r-xp 00000000 08:02 2110787                    /lib/x86_64-linux-gnu/libnss_compat-2.27.so
7f670f7bc000-7f670f9bc000 ---p 00008000 08:02 2110787                    /lib/x86_64-linux-gnu/libnss_compat-2.27.so
7f670f9bc000-7f670f9bd000 r--p 00008000 08:02 2110787                    /lib/x86_64-linux-gnu/libnss_compat-2.27.so
7f670f9bd000-7f670f9be000 rw-p 00009000 08:02 2110787                    /lib/x86_64-linux-gnu/libnss_compat-2.27.so
7f670f9be000-7f670f9e7000 r-xp 00000000 08:02 2521029                    /home/alex/Desktop/projects/idea/ideaIU-2020.1.2/idea-IU-201.7846.76/jbr/lib/libjava.so
7f670f9e7000-7f670fbe6000 ---p 00029000 08:02 2521029                    /home/alex/Desktop/projects/idea/ideaIU-2020.1.2/idea-IU-201.7846.76/jbr/lib/libjava.so
7f670fbe6000-7f670fbe7000 r--p 00028000 08:02 2521029                    /home/alex/Desktop/projects/idea/ideaIU-2020.1.2/idea-IU-201.7846.76/jbr/lib/libjava.so
7f670fbe7000-7f670fbe9000 rw-p 00029000 08:02 2521029                    /home/alex/Desktop/projects/idea/ideaIU-2020.1.2/idea-IU-201.7846.76/jbr/lib/libjava.so
7f670fbe9000-7f670fbf6000 r-xp 00000000 08:02 2521063                    /home/alex/Desktop/projects/idea/ideaIU-2020.1.2/idea-IU-201.7846.76/jbr/lib/libverify.so
7f670fbf6000-7f670fdf5000 ---p 0000d000 08:02 2521063                    /home/alex/Desktop/projects/idea/ideaIU-2020.1.2/idea-IU-201.7846.76/jbr/lib/libverify.so
7f670fdf5000-7f670fdf7000 r--p 0000c000 08:02 2521063                    /home/alex/Desktop/projects/idea/ideaIU-2020.1.2/idea-IU-201.7846.76/jbr/lib/libverify.so
7f670fdf7000-7f670fdf8000 rw-p 0000e000 08:02 2521063                    /home/alex/Desktop/projects/idea/ideaIU-2020.1.2/idea-IU-201.7846.76/jbr/lib/libverify.so
7f670fdf8000-7f670fdff000 r-xp 00000000 08:02 2110796                    /lib/x86_64-linux-gnu/librt-2.27.so
7f670fdff000-7f670fffe000 ---p 00007000 08:02 2110796                    /lib/x86_64-linux-gnu/librt-2.27.so
7f670fffe000-7f670ffff000 r--p 00006000 08:02 2110796                    /lib/x86_64-linux-gnu/librt-2.27.so
7f670ffff000-7f6710000000 rw-p 00007000 08:02 2110796                    /lib/x86_64-linux-gnu/librt-2.27.so
7f6710000000-7f6710091000 rw-p 00000000 00:00 0 
7f6710091000-7f6714000000 ---p 00000000 00:00 0 
7f67140e6000-7f6714283000 r-xp 00000000 08:02 2110783                    /lib/x86_64-linux-gnu/libm-2.27.so
7f6714283000-7f6714482000 ---p 0019d000 08:02 2110783                    /lib/x86_64-linux-gnu/libm-2.27.so
7f6714482000-7f6714483000 r--p 0019c000 08:02 2110783                    /lib/x86_64-linux-gnu/libm-2.27.so
7f6714483000-7f6714484000 rw-p 0019d000 08:02 2110783                    /lib/x86_64-linux-gnu/libm-2.27.so
7f6714484000-7f67154ad000 r-xp 00000000 08:02 2521088                    /home/alex/Desktop/projects/idea/ideaIU-2020.1.2/idea-IU-201.7846.76/jbr/lib/server/libjvm.so
7f67154ad000-7f67156ad000 ---p 01029000 08:02 2521088                    /home/alex/Desktop/projects/idea/ideaIU-2020.1.2/idea-IU-201.7846.76/jbr/lib/server/libjvm.so
7f67156ad000-7f671576c000 r--p 01029000 08:02 2521088                    /home/alex/Desktop/projects/idea/ideaIU-2020.1.2/idea-IU-201.7846.76/jbr/lib/server/libjvm.so
7f671576c000-7f67157a6000 rw-p 010e8000 08:02 2521088                    /home/alex/Desktop/projects/idea/ideaIU-2020.1.2/idea-IU-201.7846.76/jbr/lib/server/libjvm.so
7f67157a6000-7f67157fc000 rw-p 00000000 00:00 0 
7f67157fc000-7f67159e3000 r-xp 00000000 08:02 2110779                    /lib/x86_64-linux-gnu/libc-2.27.so
7f67159e3000-7f6715be3000 ---p 001e7000 08:02 2110779                    /lib/x86_64-linux-gnu/libc-2.27.so
7f6715be3000-7f6715be7000 r--p 001e7000 08:02 2110779                    /lib/x86_64-linux-gnu/libc-2.27.so
7f6715be7000-7f6715be9000 rw-p 001eb000 08:02 2110779                    /lib/x86_64-linux-gnu/libc-2.27.so
7f6715be9000-7f6715bed000 rw-p 00000000 00:00 0 
7f6715bed000-7f6715bf0000 r-xp 00000000 08:02 2110782                    /lib/x86_64-linux-gnu/libdl-2.27.so
7f6715bf0000-7f6715def000 ---p 00003000 08:02 2110782                    /lib/x86_64-linux-gnu/libdl-2.27.so
7f6715def000-7f6715df0000 r--p 00002000 08:02 2110782                    /lib/x86_64-linux-gnu/libdl-2.27.so
7f6715df0000-7f6715df1000 rw-p 00003000 08:02 2110782                    /lib/x86_64-linux-gnu/libdl-2.27.so
7f6715df1000-7f6715e00000 r-xp 00000000 08:02 2520994                    /home/alex/Desktop/projects/idea/ideaIU-2020.1.2/idea-IU-201.7846.76/jbr/lib/jli/libjli.so
7f6715e00000-7f6715fff000 ---p 0000f000 08:02 2520994                    /home/alex/Desktop/projects/idea/ideaIU-2020.1.2/idea-IU-201.7846.76/jbr/lib/jli/libjli.so
7f6715fff000-7f6716000000 r--p 0000e000 08:02 2520994                    /home/alex/Desktop/projects/idea/ideaIU-2020.1.2/idea-IU-201.7846.76/jbr/lib/jli/libjli.so
7f6716000000-7f6716001000 rw-p 0000f000 08:02 2520994                    /home/alex/Desktop/projects/idea/ideaIU-2020.1.2/idea-IU-201.7846.76/jbr/lib/jli/libjli.so
7f6716001000-7f671601b000 r-xp 00000000 08:02 2110794                    /lib/x86_64-linux-gnu/libpthread-2.27.so
7f671601b000-7f671621a000 ---p 0001a000 08:02 2110794                    /lib/x86_64-linux-gnu/libpthread-2.27.so
7f671621a000-7f671621b000 r--p 00019000 08:02 2110794                    /lib/x86_64-linux-gnu/libpthread-2.27.so
7f671621b000-7f671621c000 rw-p 0001a000 08:02 2110794                    /lib/x86_64-linux-gnu/libpthread-2.27.so
7f671621c000-7f6716220000 rw-p 00000000 00:00 0 
7f6716220000-7f671623c000 r-xp 00000000 08:02 2102894                    /lib/x86_64-linux-gnu/libz.so.1.2.11
7f671623c000-7f671643b000 ---p 0001c000 08:02 2102894                    /lib/x86_64-linux-gnu/libz.so.1.2.11
7f671643b000-7f671643c000 r--p 0001b000 08:02 2102894                    /lib/x86_64-linux-gnu/libz.so.1.2.11
7f671643c000-7f671643d000 rw-p 0001c000 08:02 2102894                    /lib/x86_64-linux-gnu/libz.so.1.2.11
7f671643d000-7f6716464000 r-xp 00000000 08:02 2110774                    /lib/x86_64-linux-gnu/ld-2.27.so
7f67164f7000-7f6716539000 rw-p 00000000 00:00 0 
7f6716539000-7f671653d000 ---p 00000000 00:00 0 
7f671653d000-7f671663c000 rw-p 00000000 00:00 0 
7f671664c000-7f6716651000 rw-p 00000000 00:00 0 
7f6716651000-7f6716658000 ---p 00000000 00:00 0 
7f6716658000-7f6716660000 rw-s 00000000 08:02 2627637                    /tmp/hsperfdata_alex/5020
7f6716660000-7f6716661000 ---p 00000000 00:00 0 
7f6716661000-7f6716662000 r--p 00000000 00:00 0 
7f6716662000-7f6716664000 rw-p 00000000 00:00 0 
7f6716664000-7f6716665000 r--p 00027000 08:02 2110774                    /lib/x86_64-linux-gnu/ld-2.27.so
7f6716665000-7f6716666000 rw-p 00028000 08:02 2110774                    /lib/x86_64-linux-gnu/ld-2.27.so
7f6716666000-7f6716667000 rw-p 00000000 00:00 0 
7ffc01561000-7ffc01582000 rw-p 00000000 00:00 0                          [stack]
7ffc015a7000-7ffc015aa000 r--p 00000000 00:00 0                          [vvar]
7ffc015aa000-7ffc015ac000 r-xp 00000000 00:00 0                          [vdso]
ffffffffff600000-ffffffffff601000 r-xp 00000000 00:00 0                  [vsyscall]


VM Arguments:
java_command: org.jetbrains.git4idea.http.GitAskPassApp Username for 'https://github.com': 
java_class_path (initial): /home/alex/Desktop/projects/idea/ideaIU-2020.1.2/idea-IU-201.7846.76/plugins/git4idea/lib/git4idea-rt.jar:/home/alex/Desktop/projects/idea/ideaIU-2020.1.2/idea-IU-201.7846.76/lib/xmlrpc-2.0.1.jar:/home/alex/Desktop/projects/idea/ideaIU-2020.1.2/idea-IU-201.7846.76/lib/commons-codec-1.14.jar:/home/alex/Desktop/projects/idea/ideaIU-2020.1.2/idea-IU-201.7846.76/lib/util.jar
Launcher Type: SUN_STANDARD

[Global flags]
     intx CICompilerCount                          = 3                                         {product} {ergonomic}
     uint ConcGCThreads                            = 1                                         {product} {ergonomic}
     uint G1ConcRefinementThreads                  = 4                                         {product} {ergonomic}
   size_t G1HeapRegionSize                         = 1048576                                   {product} {ergonomic}
    uintx GCDrainStackTargetSize                   = 64                                        {product} {ergonomic}
   size_t InitialHeapSize                          = 130023424                                 {product} {ergonomic}
   size_t MarkStackSize                            = 4194304                                   {product} {ergonomic}
   size_t MaxHeapSize                              = 2069889024                                {product} {ergonomic}
   size_t MinHeapDeltaBytes                        = 1048576                                   {product} {ergonomic}
    uintx NonNMethodCodeHeapSize                   = 5830732                                {pd product} {ergonomic}
    uintx NonProfiledCodeHeapSize                  = 122913754                              {pd product} {ergonomic}
    uintx ProfiledCodeHeapSize                     = 122913754                              {pd product} {ergonomic}
    uintx ReservedCodeCacheSize                    = 251658240                              {pd product} {ergonomic}
     bool SegmentedCodeCache                       = true                                      {product} {ergonomic}
     bool UseCompressedClassPointers               = true                                 {lp64_product} {ergonomic}
     bool UseCompressedOops                        = true                                 {lp64_product} {ergonomic}
     bool UseG1GC                                  = true                                      {product} {ergonomic}

Logging:
Log output configuration:
 #0: stdout all=warning uptime,level,tags
 #1: stderr all=off uptime,level,tags

Environment Variables:
PATH=/usr/lib/git-core:/home/alex/.local/bin:/usr/local/sbin:/usr/local/bin:/usr/sbin:/usr/bin:/sbin:/bin:/usr/games:/usr/local/games
USERNAME=alex
SHELL=/bin/bash
DISPLAY=:0

Signal Handlers:
SIGSEGV: [libjvm.so+0xd67370], sa_mask[0]=11111111011111111101111111111110, sa_flags=SA_RESTART|SA_SIGINFO
SIGBUS: [libjvm.so+0xd67370], sa_mask[0]=11111111011111111101111111111110, sa_flags=SA_RESTART|SA_SIGINFO
SIGFPE: [libjvm.so+0xd67370], sa_mask[0]=11111111011111111101111111111110, sa_flags=SA_RESTART|SA_SIGINFO
SIGPIPE: [libjvm.so+0xb6b340], sa_mask[0]=11111111011111111101111111111110, sa_flags=SA_RESTART|SA_SIGINFO
SIGXFSZ: [libjvm.so+0xb6b340], sa_mask[0]=11111111011111111101111111111110, sa_flags=SA_RESTART|SA_SIGINFO
SIGILL: [libjvm.so+0xd67370], sa_mask[0]=11111111011111111101111111111110, sa_flags=SA_RESTART|SA_SIGINFO
SIGUSR2: [libjvm.so+0xb6b1d0], sa_mask[0]=00100000000000000000000000000000, sa_flags=SA_RESTART|SA_SIGINFO
SIGHUP: SIG_DFL, sa_mask[0]=00000000000000000000000000000000, sa_flags=none
SIGINT: SIG_DFL, sa_mask[0]=00000000000000000000000000000000, sa_flags=none
SIGTERM: SIG_DFL, sa_mask[0]=00000000000000000000000000000000, sa_flags=none
SIGQUIT: SIG_DFL, sa_mask[0]=00000000000000000000000000000000, sa_flags=none


---------------  S Y S T E M  ---------------

OS:DISTRIB_ID=Ubuntu
DISTRIB_RELEASE=18.04
DISTRIB_CODENAME=bionic
DISTRIB_DESCRIPTION="Ubuntu 18.04.4 LTS"
uname:Linux 4.15.0-112-generic #113-Ubuntu SMP Thu Jul 9 23:41:39 UTC 2020 x86_64
OS uptime: 2 days 14:57 hours
libc:glibc 2.27 NPTL 2.27 
rlimit: STACK 8192k, CORE 0k, NPROC 30550, NOFILE 1048576, AS infinity, CPU infinity, DATA infinity, FSIZE infinity
load average:5.09 3.90 2.59

/proc/meminfo:
MemTotal:        8081496 kB
MemFree:          105424 kB
MemAvailable:      29616 kB
Buffers:            1032 kB
Cached:          1009324 kB
SwapCached:         3080 kB
Active:          6676900 kB
Inactive:         863692 kB
Active(anon):    6651348 kB
Inactive(anon):   831960 kB
Active(file):      25552 kB
Inactive(file):    31732 kB
Unevictable:         128 kB
Mlocked:             128 kB
SwapTotal:       2097148 kB
SwapFree:              0 kB
Dirty:               200 kB
Writeback:             0 kB
AnonPages:       6528260 kB
Mapped:           230964 kB
Shmem:            952532 kB
Slab:             167556 kB
SReclaimable:      68656 kB
SUnreclaim:        98900 kB
KernelStack:       27216 kB
PageTables:       140292 kB
NFS_Unstable:          0 kB
Bounce:                0 kB
WritebackTmp:          0 kB
CommitLimit:     6137896 kB
Committed_AS:   28995608 kB
VmallocTotal:   34359738367 kB
VmallocUsed:           0 kB
VmallocChunk:          0 kB
HardwareCorrupted:     0 kB
AnonHugePages:         0 kB
ShmemHugePages:        0 kB
ShmemPmdMapped:        0 kB
CmaTotal:              0 kB
CmaFree:               0 kB
HugePages_Total:       0
HugePages_Free:        0
HugePages_Rsvd:        0
HugePages_Surp:        0
Hugepagesize:       2048 kB
DirectMap4k:     1062720 kB
DirectMap2M:     7239680 kB
DirectMap1G:     1048576 kB


/proc/sys/kernel/threads-max (system-wide limit on the number of threads):
61101


/proc/sys/vm/max_map_count (maximum number of memory map areas a process may have):
65530


/proc/sys/kernel/pid_max (system-wide limit on number of process identifiers):
32768



container (cgroup) information:
container_type: cgroupv1
cpu_cpuset_cpus: 0-3
cpu_memory_nodes: 0
active_processor_count: 4
cpu_quota: -1
cpu_period: 100000
cpu_shares: -1
memory_limit_in_bytes: -1
memory_and_swap_limit_in_bytes: -2
memory_soft_limit_in_bytes: -1
memory_usage_in_bytes: 7722237952
memory_max_usage_in_bytes: 105152512

Steal ticks since vm start: 0
Steal ticks percentage since vm start:  0.000

CPU:total 4 (initial active 4) (2 cores per cpu, 2 threads per core) family 6 model 61 stepping 4, cmov, cx8, fxsr, mmx, sse, sse2, sse3, ssse3, sse4.1, sse4.2, popcnt, avx, avx2, aes, clmul, erms, 3dnowpref, lzcnt, ht, tsc, tscinvbit, bmi1, bmi2, adx, fma
CPU Model and flags from /proc/cpuinfo:
model name	: Intel(R) Core(TM) i5-5200U CPU @ 2.20GHz
flags		: fpu vme de pse tsc msr pae mce cx8 apic sep mtrr pge mca cmov pat pse36 clflush dts acpi mmx fxsr sse sse2 ss ht tm pbe syscall nx pdpe1gb rdtscp lm constant_tsc arch_perfmon pebs bts rep_good nopl xtopology nonstop_tsc cpuid aperfmperf pni pclmulqdq dtes64 monitor ds_cpl vmx est tm2 ssse3 sdbg fma cx16 xtpr pdcm pcid sse4_1 sse4_2 x2apic movbe popcnt tsc_deadline_timer aes xsave avx f16c rdrand lahf_lm abm 3dnowprefetch cpuid_fault epb invpcid_single pti ssbd ibrs ibpb stibp tpr_shadow vnmi flexpriority ept vpid fsgsbase tsc_adjust bmi1 avx2 smep bmi2 erms invpcid rdseed adx smap intel_pt xsaveopt dtherm ida arat pln pts md_clear flush_l1d

Memory: 4k page, physical 8081496k(104280k free), swap 2097148k(0k free)

vm_info: OpenJDK 64-Bit Server VM (11.0.7+10-b765.53) for linux-amd64 JRE (11.0.7+10-b765.53), built on May 12 2020 01:45:33 by "" with gcc 8.3.1 20190311 (Red Hat 8.3.1-3)

END.
